<?xml version="1.0" encoding="UTF-8"?>
<testng-results ignored="0" total="9" passed="9" failed="0" skipped="0">
  <reporter-output>
  </reporter-output>
  <suite started-at="2024-04-12T14:44:26 GMT-05:00" name="Default suite" finished-at="2024-04-12T14:44:27 GMT-05:00" duration-ms="1005">
    <groups>
      <group name="cucumber">
        <method signature="AbstractTestNGCucumberTests.runScenario(io.cucumber.testng.PickleWrapper,io.cucumber.testng.FeatureWrapper)[pri:0, instance:CucumberOptions.TestRunner@25641d39]" name="runScenario" class="io.cucumber.testng.AbstractTestNGCucumberTests"/>
      </group> <!-- cucumber -->
    </groups>
    <test started-at="2024-04-12T14:44:26 GMT-05:00" name="Default test" finished-at="2024-04-12T14:44:27 GMT-05:00" duration-ms="1005">
      <class name="CucumberOptions.TestRunner">
        <test-method is-config="true" signature="setUpClass(org.testng.ITestContext)[pri:0, instance:CucumberOptions.TestRunner@25641d39]" started-at="2024-04-12T14:44:26 GMT-05:00" name="setUpClass" finished-at="2024-04-12T14:44:27 GMT-05:00" duration-ms="635" status="PASS">
          <params>
            <param index="0">
              <value>
                <![CDATA[org.testng.TestRunner@28c88600]]>
              </value>
            </param>
          </params>
          <reporter-output>
          </reporter-output>
        </test-method> <!-- setUpClass -->
        <test-method signature="runScenario(io.cucumber.testng.PickleWrapper,io.cucumber.testng.FeatureWrapper)[pri:0, instance:CucumberOptions.TestRunner@25641d39]" started-at="2024-04-12T14:44:27 GMT-05:00" name="runScenario" description="Runs Cucumber Scenarios" data-provider="scenarios" finished-at="2024-04-12T14:44:27 GMT-05:00" duration-ms="124" status="PASS">
          <params>
            <param index="0">
              <value>
                <![CDATA["1 validate the login user details in home page"]]>
              </value>
            </param>
            <param index="1">
              <value>
                <![CDATA["Home page validations"]]>
              </value>
            </param>
          </params>
          <reporter-output>
          </reporter-output>
        </test-method> <!-- runScenario -->
        <test-method signature="runScenario(io.cucumber.testng.PickleWrapper,io.cucumber.testng.FeatureWrapper)[pri:0, instance:CucumberOptions.TestRunner@25641d39]" started-at="2024-04-12T14:44:27 GMT-05:00" name="runScenario" description="Runs Cucumber Scenarios" data-provider="scenarios" finished-at="2024-04-12T14:44:27 GMT-05:00" duration-ms="19" status="PASS">
          <params>
            <param index="0">
              <value>
                <![CDATA["2 validate the display of logo and location"]]>
              </value>
            </param>
            <param index="1">
              <value>
                <![CDATA["Home page validations"]]>
              </value>
            </param>
          </params>
          <reporter-output>
          </reporter-output>
        </test-method> <!-- runScenario -->
        <test-method signature="runScenario(io.cucumber.testng.PickleWrapper,io.cucumber.testng.FeatureWrapper)[pri:0, instance:CucumberOptions.TestRunner@25641d39]" started-at="2024-04-12T14:44:27 GMT-05:00" name="runScenario" description="Runs Cucumber Scenarios" data-provider="scenarios" finished-at="2024-04-12T14:44:27 GMT-05:00" duration-ms="26" status="PASS">
          <params>
            <param index="0">
              <value>
                <![CDATA["3 validate the tabs available in home page"]]>
              </value>
            </param>
            <param index="1">
              <value>
                <![CDATA["Home page validations"]]>
              </value>
            </param>
          </params>
          <reporter-output>
          </reporter-output>
        </test-method> <!-- runScenario -->
        <test-method signature="runScenario(io.cucumber.testng.PickleWrapper,io.cucumber.testng.FeatureWrapper)[pri:0, instance:CucumberOptions.TestRunner@25641d39]" started-at="2024-04-12T14:44:27 GMT-05:00" name="runScenario" description="Runs Cucumber Scenarios" data-provider="scenarios" finished-at="2024-04-12T14:44:27 GMT-05:00" duration-ms="10" status="PASS">
          <params>
            <param index="0">
              <value>
                <![CDATA["4 validation option on right corner in home page"]]>
              </value>
            </param>
            <param index="1">
              <value>
                <![CDATA["Home page validations"]]>
              </value>
            </param>
          </params>
          <reporter-output>
          </reporter-output>
        </test-method> <!-- runScenario -->
        <test-method signature="runScenario(io.cucumber.testng.PickleWrapper,io.cucumber.testng.FeatureWrapper)[pri:0, instance:CucumberOptions.TestRunner@25641d39]" started-at="2024-04-12T14:44:27 GMT-05:00" name="runScenario" description="Runs Cucumber Scenarios" data-provider="scenarios" finished-at="2024-04-12T14:44:27 GMT-05:00" duration-ms="23" status="PASS">
          <params>
            <param index="0">
              <value>
                <![CDATA["5 validate search box"]]>
              </value>
            </param>
            <param index="1">
              <value>
                <![CDATA["Home page validations"]]>
              </value>
            </param>
          </params>
          <reporter-output>
          </reporter-output>
        </test-method> <!-- runScenario -->
        <test-method signature="runScenario(io.cucumber.testng.PickleWrapper,io.cucumber.testng.FeatureWrapper)[pri:0, instance:CucumberOptions.TestRunner@25641d39]" started-at="2024-04-12T14:44:27 GMT-05:00" name="runScenario" description="Runs Cucumber Scenarios" data-provider="scenarios" finished-at="2024-04-12T14:44:27 GMT-05:00" duration-ms="15" status="PASS">
          <params>
            <param index="0">
              <value>
                <![CDATA["5 validate search box"]]>
              </value>
            </param>
            <param index="1">
              <value>
                <![CDATA["Home page validations"]]>
              </value>
            </param>
          </params>
          <reporter-output>
          </reporter-output>
        </test-method> <!-- runScenario -->
        <test-method signature="runScenario(io.cucumber.testng.PickleWrapper,io.cucumber.testng.FeatureWrapper)[pri:0, instance:CucumberOptions.TestRunner@25641d39]" started-at="2024-04-12T14:44:27 GMT-05:00" name="runScenario" description="Runs Cucumber Scenarios" data-provider="scenarios" finished-at="2024-04-12T14:44:27 GMT-05:00" duration-ms="25" status="PASS">
          <params>
            <param index="0">
              <value>
                <![CDATA["6 Validate Accounts and Lists"]]>
              </value>
            </param>
            <param index="1">
              <value>
                <![CDATA["Home page validations"]]>
              </value>
            </param>
          </params>
          <reporter-output>
          </reporter-output>
        </test-method> <!-- runScenario -->
        <test-method signature="runScenario(io.cucumber.testng.PickleWrapper,io.cucumber.testng.FeatureWrapper)[pri:0, instance:CucumberOptions.TestRunner@25641d39]" started-at="2024-04-12T14:44:27 GMT-05:00" name="runScenario" description="Runs Cucumber Scenarios" data-provider="scenarios" finished-at="2024-04-12T14:44:27 GMT-05:00" duration-ms="13" status="PASS">
          <params>
            <param index="0">
              <value>
                <![CDATA["multi user login validations"]]>
              </value>
            </param>
            <param index="1">
              <value>
                <![CDATA["Login feature of Amazon"]]>
              </value>
            </param>
          </params>
          <reporter-output>
          </reporter-output>
        </test-method> <!-- runScenario -->
        <test-method signature="runScenario(io.cucumber.testng.PickleWrapper,io.cucumber.testng.FeatureWrapper)[pri:0, instance:CucumberOptions.TestRunner@25641d39]" started-at="2024-04-12T14:44:27 GMT-05:00" name="runScenario" description="Runs Cucumber Scenarios" data-provider="scenarios" finished-at="2024-04-12T14:44:27 GMT-05:00" duration-ms="8" status="PASS">
          <params>
            <param index="0">
              <value>
                <![CDATA["multi user login validations"]]>
              </value>
            </param>
            <param index="1">
              <value>
                <![CDATA["Login feature of Amazon"]]>
              </value>
            </param>
          </params>
          <reporter-output>
          </reporter-output>
        </test-method> <!-- runScenario -->
        <test-method is-config="true" signature="tearDownClass()[pri:0, instance:CucumberOptions.TestRunner@25641d39]" started-at="2024-04-12T14:44:27 GMT-05:00" name="tearDownClass" finished-at="2024-04-12T14:44:27 GMT-05:00" duration-ms="25" status="PASS">
          <reporter-output>
          </reporter-output>
        </test-method> <!-- tearDownClass -->
      </class> <!-- CucumberOptions.TestRunner -->
    </test> <!-- Default test -->
  </suite> <!-- Default suite -->
</testng-results>
